Mon Sep 17 02:32:53 2012 : PID: 4474 | Error Estableciendo la Conexion con el Servidor
Sat Sep 22 18:45:39 2012 : PID: 5541 | Conexión de cliente.
 Sat Sep 22 18:45:39 2012 : PID: 5541 | Login: Error en la respuesta de USER
Sat Sep 22 18:47:39 2012 : PID: 5566 | Conexión de cliente.
 Sat Sep 22 18:47:39 2012 : PID: 5566 | Login: Error en la respuesta de USER
Sat Sep 22 18:49:05 2012 : PID: 5590 | Conexión de cliente.
 Sat Sep 22 18:49:05 2012 : PID: 5590 | Login: Error en la respuesta de USER
Sat Sep 22 18:50:21 2012 : PID: 5614 | Conexión de cliente.
 Sat Sep 22 18:50:21 2012 : PID: 5614 | Login: Error en la respuesta de USER
Sat Sep 22 19:03:32 2012 : PID: 5639 | Conexión de cliente.
 Sat Sep 22 19:03:32 2012 : PID: 5639 | Login: Error en la respuesta de USER
Sat Sep 22 19:08:04 2012 : PID: 5664 | Conexión de cliente.
 Sat Sep 22 19:08:04 2012 : PID: 5664 | Login: Error en la respuesta de USER
Sat Sep 22 19:09:58 2012 : PID: 5688 | Conexión de cliente.
 Sat Sep 22 19:09:58 2012 : PID: 5688 | Error Estableciendo la Conexion con el Servidor
Sat Sep 22 19:12:03 2012 : PID: 5713 | Conexión de cliente.
 Sat Sep 22 19:12:03 2012 : PID: 5713 | Error Estableciendo la Conexion con el Servidor
Sat Sep 22 19:13:42 2012 : PID: 5737 | Conexión de cliente.
 Sat Sep 22 19:13:42 2012 : PID: 5737 | Error Estableciendo la Conexion con el Servidor
Sat Sep 22 19:15:32 2012 : PID: 5762 | Conexión de cliente.
 Sat Sep 22 19:15:32 2012 : PID: 5762 | Error Estableciendo la Conexion con el Servidor
Sat Sep 22 19:19:33 2012 : PID: 5803 | Conexión de cliente.
 Sat Sep 22 19:19:33 2012 : PID: 5803 | Error Estableciendo la Conexion con el Servidor
Sat Sep 22 19:25:07 2012 : PID: 5831 | Conexión de cliente.
 Sat Sep 22 19:25:07 2012 : PID: 5831 | Error Estableciendo la Conexion con el Servidor
Sun Sep 23 17:11:52 2012 : PID: 5935 | Error Estableciendo la Conexion con el Servidor
Sun Sep 23 17:12:50 2012 : PID: 5959 | Conexión de cliente.
 Sun Sep 23 17:12:50 2012 : PID: 5959 | Error Estableciendo la Conexion con el Servidor
Mon Sep 24 02:06:33 2012 : PID: 6764 | Conexión de cliente.
 Mon Sep 24 02:06:33 2012 : PID: 6764 | Error Estableciendo la Conexion con el Servidor
